{\rtf1}Error [ERR_UNHANDLED_ERROR]: Unhandled error. ([object Object])
    at Client.emit (events.js:178:17)
    at WebSocketConnection.onError (C:\Users\Snow\Documents\stobot\node_modules\discord.js\src\client\websocket\WebSocketConnection.js:374:17)
    at WebSocket.onError (C:\Users\Snow\Documents\stobot\node_modules\ws\lib\event-target.js:128:16)
    at WebSocket.emit (events.js:189:13)
    at _receiver.cleanup (C:\Users\Snow\Documents\stobot\node_modules\ws\lib\websocket.js:211:14)
    at Receiver.cleanup (C:\Users\Snow\Documents\stobot\node_modules\ws\lib\receiver.js:557:13)
    at WebSocket.finalize (C:\Users\Snow\Documents\stobot\node_modules\ws\lib\websocket.js:206:20)
    at TLSSocket.emit (events.js:189:13)
    at emitErrorNT (internal/streams/destroy.js:82:8)
    at emitErrorAndCloseNT (internal/streams/destroy.js:50:3)
Error [ERR_UNHANDLED_ERROR]: Unhandled error. ([object Object])
    at Client.emit (events.js:178:17)
    at WebSocketConnection.onError (C:\Users\Snow\Documents\stobot\node_modules\discord.js\src\client\websocket\WebSocketConnection.js:374:17)
    at WebSocket.onError (C:\Users\Snow\Documents\stobot\node_modules\ws\lib\event-target.js:128:16)
    at WebSocket.emit (events.js:189:13)
    at _receiver.cleanup (C:\Users\Snow\Documents\stobot\node_modules\ws\lib\websocket.js:211:14)
    at Receiver.cleanup (C:\Users\Snow\Documents\stobot\node_modules\ws\lib\receiver.js:557:13)
    at WebSocket.finalize (C:\Users\Snow\Documents\stobot\node_modules\ws\lib\websocket.js:206:20)
    at TLSSocket.emit (events.js:189:13)
    at emitErrorNT (internal/streams/destroy.js:82:8)
    at emitErrorAndCloseNT (internal/streams/destroy.js:50:3)
Error [ERR_UNHANDLED_ERROR]: Unhandled error. ([object Object])
    at Client.emit (events.js:178:17)
    at WebSocketConnection.onError (C:\Users\Snow\Documents\stobot\node_modules\discord.js\src\client\websocket\WebSocketConnection.js:374:17)
    at WebSocket.onError (C:\Users\Snow\Documents\stobot\node_modules\ws\lib\event-target.js:128:16)
    at WebSocket.emit (events.js:189:13)
    at _receiver.cleanup (C:\Users\Snow\Documents\stobot\node_modules\ws\lib\websocket.js:211:14)
    at Receiver.cleanup (C:\Users\Snow\Documents\stobot\node_modules\ws\lib\receiver.js:557:13)
    at WebSocket.finalize (C:\Users\Snow\Documents\stobot\node_modules\ws\lib\websocket.js:206:20)
    at TLSSocket.emit (events.js:189:13)
    at emitErrorNT (internal/streams/destroy.js:82:8)
    at emitErrorAndCloseNT (internal/streams/destroy.js:50:3)
